
Sat Apr  7 15:26:56 DST 2018

FAIL 3 11 + : expected 14, got pop: 11, pop: 3, push: 14, 14
FAIL 3 11 5 + - : expected -13, got pop: 5, pop: 11, push: 16, pop: 16, pop: 3, push: -13, -13
FAIL 3 11 + 5 - : expected 9, got pop: 11, pop: 3, push: 14, pop: 5, pop: 14, push: 9, 9
FAIL 2 3 11 + 5 - * : expected 18, got pop: 11, pop: 3, push: 14, pop: 5, pop: 14, push: 9, 2
FAIL 9 5 3 + 2 4 ^ - + : expected 1, got pop: 3, pop: 5, push: 8, pop: , pop: 4, push: 8, pop: 8, pop: 2, push: 10, 9
FAIL 5 2 3 ^ + : expected 13, got pop: , pop: 3, push: , 5
FAIL 3 2 * 11 - : expected -5, got pop: 11, pop: , push: -11, 3
FAIL 2 1 12 3 / - + : expected -1, got pop: , pop: 3, push: , pop: , pop: 12, push: , 2
FAIL 6 3 - 2 ^ 11 - : expected -2, got pop: 3, pop: 6, push: 3, pop: 11, pop: , push: -11, 3
FAIL 6 3 2 ^ - 11 - : expected -14, got pop: , pop: 2, push: , pop: 11, pop: , push: -11, 6
FAIL 162 2 1 + 4 ^ / : expected 2, got pop: 1, pop: 2, push: 3, 162
FAIL 15 7 1 1 + - / 3 * 2 1 1 + + - : expected 5, got pop: 1, pop: 1, push: 2, pop: 2, pop: 7, push: 5, pop: 1, pop: 1, push: 2, pop: 2, pop: 2, push: 4, pop: 4, pop: , push: -4, 15

RpncSH:  0/12 0%

PASS 3 11 + = 14
PASS 3 11 5 + - = -13
PASS 3 11 + 5 - = 9
PASS 2 3 11 + 5 - * = 18
PASS 9 5 3 + 2 4 ^ - + = 1
PASS 5 2 3 ^ + = 13
PASS 3 2 * 11 - = -5
PASS 2 1 12 3 / - + = -1.0
PASS 6 3 - 2 ^ 11 - = -2
PASS 6 3 2 ^ - 11 - = -14
PASS 162 2 1 + 4 ^ / = 2.0
PASS 15 7 1 1 + - / 3 * 2 1 1 + + - = 5.0

RpncPY:  12/12 0%

PASS 3 11 + = 14
PASS 3 11 5 + - = -13
PASS 3 11 + 5 - = 9
PASS 2 3 11 + 5 - * = 18
PASS 9 5 3 + 2 4 ^ - + = 1
PASS 5 2 3 ^ + = 13
PASS 3 2 * 11 - = -5
PASS 2 1 12 3 / - + = -1
PASS 6 3 - 2 ^ 11 - = -2
PASS 6 3 2 ^ - 11 - = -14
PASS 162 2 1 + 4 ^ / = 2
PASS 15 7 1 1 + - / 3 * 2 1 1 + + - = 5

RpncC:  12/12 0%

