
Circle-in-Circle: PASS
Circle-touching-Circle: PASS
Circle-outside-Circle: PASS
Circle-intersecting-Circle: PASS
Circle-In-Square: PASS
Circle-Touch-Square: PASS
Circle-Intersect-Square: PASS
Circle-Outside-Square: PASS
Triangle-in-Circle: PASS
Triangle-Touch-Circle: PASS
Triangle-Intersect-Circle: PASS
Triangle-Outside-Circle: PASS
Square-Inside-Square: PASS
Square-Touch-Square: PASS
Square-Intersect-Square: PASS
Square-Outside-Square: PASS
Square-Outside-Square-spcase: PASS
triangle-in-square: PASS
triangle-touch-square: PASS
RT-in-Circle: PASS
RT-in-Circle: PASS
RT-Intersect-Circle: PASS
RT-Touch-Circle: PASS
RT-Touch-Circle: PASS
RT-edge-overlap: FAIL
circle-in-RT-between: PASS
circle-in-RT-tri: PASS
circle-intersect-RT: PASS
circle-outside-RT: PASS
circle-intersect-RT: PASS
Square-in-RT: PASS
Square-intersect-RT: PASS
Square-outside-RT: PASS
Square-outside-RT: PASS
triangle-in-RT-spCase: PASS
triangle-in-RT: PASS
RT-in-poly: FAIL
RT-in-poly: PASS
RT-in-RT: PASS
RT-in-RT: PASS
RT-in-RT: PASS
RT-same-RT: PASS

               Tests:   40/ 42     0.0%

