Numbers: 99999 Lists: 1 Cores: 1
Generating expected results... 
Generate time: 1.65297 seconds
Creating RadixSort with 1 cores
Running RadixSort.msd()... 
Numbers: 99999 Lists: 2 Cores: 1
Generating expected results... 
Generate time: 1.8523 seconds
Creating RadixSort with 1 cores
Running RadixSort.msd()... 
Numbers: 99999 Lists: 2 Cores: 2
Generating expected results... 
Generate time: 2.01555 seconds
Creating RadixSort with 2 cores
Running RadixSort.msd()... 
Numbers: 99999 Lists: 3 Cores: 1
Generating expected results... 
Generate time: 2.26976 seconds
Creating RadixSort with 1 cores
Running RadixSort.msd()... 
Numbers: 99999 Lists: 3 Cores: 2
Generating expected results... 
Generate time: 2.32056 seconds
Creating RadixSort with 2 cores
Running RadixSort.msd()... 
