Numbers: 500,000 Lists: 1 Cores: 12
Generating 500,000 random numbers... 
Generating expected results... 
Generate time: 1.94198 seconds
Running RadixSort::msd() with 12 cores
Elapsed time: 3.834288 seconds
Comparing results... 
List 0 PASS
Numbers: 500,000 Lists: 2 Cores: 12
Generating 1,000,000 random numbers... 
Generating expected results... 
Generate time: 3.79143 seconds
Running RadixSort::msd() with 12 cores
Elapsed time: 7.025834 seconds
Comparing results... 
List 0 PASS
List 1 PASS
Numbers: 500,000 Lists: 3 Cores: 12
Generating 1,500,000 random numbers... 
Generating expected results... 
Generate time: 5.61178 seconds
Running RadixSort::msd() with 12 cores
Elapsed time: 12.032731 seconds
Comparing results... 
List 0 PASS
List 1 PASS
List 2 PASS
Numbers: 500,000 Lists: 4 Cores: 12
Generating 2,000,000 random numbers... 
Generating expected results... 
Generate time: 7.48242 seconds
Running RadixSort::msd() with 12 cores
Elapsed time: 16.300978 seconds
Comparing results... 
List 0 PASS
List 1 PASS
List 2 PASS
List 3 PASS

               Tests:   10/ 10     0.0%

