---------___________................
Numbers: 500,000 Lists: 1 Cores: 10
Generating 500,000 random numbers... 
Generating expected results... 
Generate time: 2.65791 seconds
Running ParallelRadixSort.msd() with 1 core... 
Single Elapsed time: 3.144594 seconds
Running ParallelRadixSort.msd() with 10 cores
Cores Elapsed time: 2.992998 seconds
Speedup: 105%
Comparing results... 
List 0 PASS
Speedup lists: 1 cores: 10 required: % achieved: 0% : FAIL ( insufficient speedup )

---------___________................
Numbers: 500,000 Lists: 1 Cores: 10
Generating 500,000 random numbers... 
Generating expected results... 
Generate time: 2.5854 seconds
Running ParallelRadixSort.msd() with 1 core... 
Single Elapsed time: 2.974866 seconds
Running ParallelRadixSort.msd() with 10 cores
Cores Elapsed time: 3.295738 seconds
Speedup: 90%
Comparing results... 
List 0 PASS
Speedup lists: 1 cores: 10 required: % achieved: 0% : FAIL ( insufficient speedup )

---------___________...............
Numbers: 500,000 Lists: 1 Cores: 10
Generating 500,000 random numbers... 
Generating expected results... 
Generate time: 2.72169 seconds
Running ParallelRadixSort.msd() with 1 core... 
Single Elapsed time: 2.997848 seconds
Running ParallelRadixSort.msd() with 10 cores
Cores Elapsed time: 2.994202 seconds
Speedup: 100%
Comparing results... 
List 0 PASS
Speedup lists: 1 cores: 10 required: % achieved: 0% : FAIL ( insufficient speedup )

--------___________...............
Numbers: 500,000 Lists: 1 Cores: 10
Generating 500,000 random numbers... 
Generating expected results... 
Generate time: 2.4231 seconds
Running ParallelRadixSort.msd() with 1 core... 
Single Elapsed time: 2.888590 seconds
Running ParallelRadixSort.msd() with 10 cores
Cores Elapsed time: 2.865219 seconds
Speedup: 100%
Comparing results... 
List 0 PASS
Speedup lists: 1 cores: 10 required: % achieved: 0% : FAIL ( insufficient speedup )

--------___________................
Numbers: 500,000 Lists: 1 Cores: 10
Generating 500,000 random numbers... 
Generating expected results... 
Generate time: 2.37842 seconds
Running ParallelRadixSort.msd() with 1 core... 
Single Elapsed time: 2.924675 seconds
Running ParallelRadixSort.msd() with 10 cores
Cores Elapsed time: 2.982945 seconds
Speedup: 98%
Comparing results... 
List 0 PASS
Speedup lists: 1 cores: 10 required: % achieved: 0% : FAIL ( insufficient speedup )

---------____________................
Numbers: 500,000 Lists: 1 Cores: 10
Generating 500,000 random numbers... 
Generating expected results... 
Generate time: 2.85281 seconds
Running ParallelRadixSort.msd() with 1 core... 
Single Elapsed time: 3.446184 seconds
Running ParallelRadixSort.msd() with 10 cores
Cores Elapsed time: 3.233973 seconds
Speedup: 106%
Comparing results... 
List 0 PASS
Speedup lists: 1 cores: 10 required: % achieved: 0% : FAIL ( insufficient speedup )

---------___________...............
Numbers: 500,000 Lists: 1 Cores: 10
Generating 500,000 random numbers... 
Generating expected results... 
Generate time: 2.73829 seconds
Running ParallelRadixSort.msd() with 1 core... 
Single Elapsed time: 2.989009 seconds
Running ParallelRadixSort.msd() with 10 cores
Cores Elapsed time: 2.976047 seconds
Speedup: 100%
Comparing results... 
List 0 PASS
Speedup lists: 1 cores: 10 required: % achieved: 0% : FAIL ( insufficient speedup )

---------____________................
Numbers: 500,000 Lists: 1 Cores: 10
Generating 500,000 random numbers... 
Generating expected results... 
Generate time: 2.48218 seconds
Running ParallelRadixSort.msd() with 1 core... 
Single Elapsed time: 3.341187 seconds
Running ParallelRadixSort.msd() with 10 cores
Cores Elapsed time: 3.176429 seconds
Speedup: 105%
Comparing results... 
List 0 PASS
Speedup lists: 1 cores: 10 required: % achieved: 0% : FAIL ( insufficient speedup )

--------___________...............
Numbers: 500,000 Lists: 1 Cores: 20
Generating 500,000 random numbers... 
Generating expected results... 
Generate time: 2.4495 seconds
Running ParallelRadixSort.msd() with 1 core... 
Single Elapsed time: 2.944979 seconds
Running ParallelRadixSort.msd() with 20 cores
Cores Elapsed time: 2.940107 seconds
Speedup: 100%
Comparing results... 
List 0 PASS
Speedup lists: 1 cores: 20 required: % achieved: 0% : FAIL ( insufficient speedup )

---------____________